The system is: Windows - 10.0.19042 - AMD64
Compiling the C compiler identification source file "CMakeCCompilerId.c" succeeded.
Compiler: D:/Software/Microsoft Visual Studio/2019/Community/VC/Tools/MSVC/14.25.28610/bin/HostX64/x64/cl.exe 
Build flags: 
Id flags:  

The output was:
0
Microsoft (R) C/C++ Optimizing Compiler Version 19.25.28614 for x64
Copyright (C) Microsoft Corporation.  All rights reserved.

CMakeCCompilerId.c
Microsoft (R) Incremental Linker Version 14.25.28614.0
Copyright (C) Microsoft Corporation.  All rights reserved.

/out:CMakeCCompilerId.exe 
CMakeCCompilerId.obj 


Compilation of the C compiler identification source "CMakeCCompilerId.c" produced "CMakeCCompilerId.exe"

Compilation of the C compiler identification source "CMakeCCompilerId.c" produced "CMakeCCompilerId.obj"

The C compiler identification is MSVC, found in "C:/Users/thund/Documents/GitHub/Project-XYZ - Copy (2)/Code/PROJECT XYZ/External Libraries/Windows/Box2D/include/Box2D/out/build/x64-Debug/CMakeFiles/3.16.19112601-MSVC_2/CompilerIdC/CMakeCCompilerId.exe"

Compiling the CXX compiler identification source file "CMakeCXXCompilerId.cpp" succeeded.
Compiler: D:/Software/Microsoft Visual Studio/2019/Community/VC/Tools/MSVC/14.25.28610/bin/HostX64/x64/cl.exe 
Build flags: 
Id flags:  

The output was:
0
Microsoft (R) C/C++ Optimizing Compiler Version 19.25.28614 for x64
Copyright (C) Microsoft Corporation.  All rights reserved.

CMakeCXXCompilerId.cpp
Microsoft (R) Incremental Linker Version 14.25.28614.0
Copyright (C) Microsoft Corporation.  All rights reserved.

/out:CMakeCXXCompilerId.exe 
CMakeCXXCompilerId.obj 


Compilation of the CXX compiler identification source "CMakeCXXCompilerId.cpp" produced "CMakeCXXCompilerId.exe"

Compilation of the CXX compiler identification source "CMakeCXXCompilerId.cpp" produced "CMakeCXXCompilerId.obj"

The CXX compiler identification is MSVC, found in "C:/Users/thund/Documents/GitHub/Project-XYZ - Copy (2)/Code/PROJECT XYZ/External Libraries/Windows/Box2D/include/Box2D/out/build/x64-Debug/CMakeFiles/3.16.19112601-MSVC_2/CompilerIdCXX/CMakeCXXCompilerId.exe"

Determining if the C compiler works passed with the following output:
Change Dir: C:/Users/thund/Documents/GitHub/Project-XYZ - Copy (2)/Code/PROJECT XYZ/External Libraries/Windows/Box2D/include/Box2D/out/build/x64-Debug/CMakeFiles/CMakeTmp

Run Build Command(s):D:/Software/Microsoft Visual Studio/2019/Community/Common7/IDE/CommonExtensions/Microsoft/CMake/Ninja/ninja.exe cmTC_2a41a && [1/2] Building C object CMakeFiles\cmTC_2a41a.dir\testCCompiler.c.obj
[2/2] Linking C executable cmTC_2a41a.exe



Detecting C compiler ABI info compiled with the following output:
Change Dir: C:/Users/thund/Documents/GitHub/Project-XYZ - Copy (2)/Code/PROJECT XYZ/External Libraries/Windows/Box2D/include/Box2D/out/build/x64-Debug/CMakeFiles/CMakeTmp

Run Build Command(s):D:/Software/Microsoft Visual Studio/2019/Community/Common7/IDE/CommonExtensions/Microsoft/CMake/Ninja/ninja.exe cmTC_b4693 && [1/2] Building C object CMakeFiles\cmTC_b4693.dir\CMakeCCompilerABI.c.obj
[2/2] Linking C executable cmTC_b4693.exe



Determining if the CXX compiler works passed with the following output:
Change Dir: C:/Users/thund/Documents/GitHub/Project-XYZ - Copy (2)/Code/PROJECT XYZ/External Libraries/Windows/Box2D/include/Box2D/out/build/x64-Debug/CMakeFiles/CMakeTmp

Run Build Command(s):D:/Software/Microsoft Visual Studio/2019/Community/Common7/IDE/CommonExtensions/Microsoft/CMake/Ninja/ninja.exe cmTC_63ef0 && [1/2] Building CXX object CMakeFiles\cmTC_63ef0.dir\testCXXCompiler.cxx.obj
[2/2] Linking CXX executable cmTC_63ef0.exe



Detecting CXX compiler ABI info compiled with the following output:
Change Dir: C:/Users/thund/Documents/GitHub/Project-XYZ - Copy (2)/Code/PROJECT XYZ/External Libraries/Windows/Box2D/include/Box2D/out/build/x64-Debug/CMakeFiles/CMakeTmp

Run Build Command(s):D:/Software/Microsoft Visual Studio/2019/Community/Common7/IDE/CommonExtensions/Microsoft/CMake/Ninja/ninja.exe cmTC_7b1fe && [1/2] Building CXX object CMakeFiles\cmTC_7b1fe.dir\CMakeCXXCompilerABI.cpp.obj
[2/2] Linking CXX executable cmTC_7b1fe.exe



