c:\users\thund\documents\github\project-xyz\code\project xyz\platforms\windows\sfml template\debug\vc142.pdb
c:\users\thund\documents\github\project-xyz\code\project xyz\platforms\windows\sfml template\debug\vc142.idb
c:\users\thund\documents\github\project-xyz\code\project xyz\platforms\windows\sfml template\debug\parallax.obj
c:\users\thund\documents\github\project-xyz\code\project xyz\platforms\windows\sfml template\debug\minimap.obj
c:\users\thund\documents\github\project-xyz\code\project xyz\platforms\windows\sfml template\debug\menucomponent.obj
c:\users\thund\documents\github\project-xyz\code\project xyz\platforms\windows\sfml template\debug\menu.obj
c:\users\thund\documents\github\project-xyz\code\project xyz\platforms\windows\sfml template\debug\label.obj
c:\users\thund\documents\github\project-xyz\code\project xyz\platforms\windows\sfml template\debug\font.obj
c:\users\thund\documents\github\project-xyz\code\project xyz\platforms\windows\sfml template\debug\drawable.obj
c:\users\thund\documents\github\project-xyz\code\project xyz\platforms\windows\sfml template\debug\color.obj
c:\users\thund\documents\github\project-xyz\code\project xyz\platforms\windows\sfml template\debug\checkbox.obj
c:\users\thund\documents\github\project-xyz\code\project xyz\platforms\windows\sfml template\debug\buttongroup.obj
c:\users\thund\documents\github\project-xyz\code\project xyz\platforms\windows\sfml template\debug\button.obj
c:\users\thund\documents\github\project-xyz\code\project xyz\platforms\windows\sfml template\debug\pugixml.obj
c:\users\thund\documents\github\project-xyz\code\project xyz\platforms\windows\sfml template\debug\gamepad.obj
c:\users\thund\documents\github\project-xyz\code\project xyz\platforms\windows\sfml template\debug\collision.obj
c:\users\thund\documents\github\project-xyz\code\project xyz\platforms\windows\sfml template\debug\b2gldraw.obj
c:\users\thund\documents\github\project-xyz\code\project xyz\platforms\windows\sfml template\debug\time.obj
c:\users\thund\documents\github\project-xyz\code\project xyz\platforms\windows\sfml template\debug\statemachine.obj
c:\users\thund\documents\github\project-xyz\code\project xyz\platforms\windows\sfml template\debug\game.obj
c:\users\thund\documents\github\project-xyz\code\project xyz\platforms\windows\sfml template\debug\debug.obj
c:\users\thund\documents\github\project-xyz\code\project xyz\platforms\windows\sfml template\debug\clock.obj
c:\users\thund\documents\github\project-xyz\code\project xyz\platforms\windows\sfml template\debug\rbm.obj
c:\users\thund\documents\github\project-xyz\code\project xyz\platforms\windows\sfml template\debug\qte.obj
c:\users\thund\documents\github\project-xyz\code\project xyz\platforms\windows\sfml template\debug\mouse.obj
c:\users\thund\documents\github\project-xyz\code\project xyz\platforms\windows\sfml template\debug\keyboard.obj
c:\users\thund\documents\github\project-xyz\code\project xyz\platforms\windows\sfml template\debug\joystick.obj
c:\users\thund\documents\github\project-xyz\code\project xyz\platforms\windows\sfml template\debug\input.obj
c:\users\thund\documents\github\project-xyz\code\project xyz\platforms\windows\sfml template\debug\gesture.obj
c:\users\thund\documents\github\project-xyz\code\project xyz\platforms\windows\sfml template\debug\events.obj
c:\users\thund\documents\github\project-xyz\code\project xyz\platforms\windows\sfml template\debug\view.obj
c:\users\thund\documents\github\project-xyz\code\project xyz\platforms\windows\sfml template\debug\texture.obj
c:\users\thund\documents\github\project-xyz\code\project xyz\platforms\windows\sfml template\debug\textbox.obj
c:\users\thund\documents\github\project-xyz\code\project xyz\platforms\windows\sfml template\debug\sprite.obj
c:\users\thund\documents\github\project-xyz\code\project xyz\platforms\windows\sfml template\debug\slider.obj
c:\users\thund\documents\github\project-xyz\code\project xyz\platforms\windows\sfml template\debug\triangle.obj
c:\users\thund\documents\github\project-xyz\code\project xyz\platforms\windows\sfml template\debug\rectangle.obj
c:\users\thund\documents\github\project-xyz\code\project xyz\platforms\windows\sfml template\debug\circle.obj
c:\users\thund\documents\github\project-xyz\code\project xyz\platforms\windows\sfml template\debug\scrollingbackground.obj
c:\users\thund\documents\github\project-xyz\code\project xyz\platforms\windows\sfml template\debug\radiobuttongroup.obj
c:\users\thund\documents\github\project-xyz\code\project xyz\platforms\windows\sfml template\debug\radiobutton.obj
c:\users\thund\documents\github\project-xyz\code\project xyz\platforms\windows\sfml template\debug\progressbar.obj
c:\users\thund\documents\github\project-xyz\code\project xyz\platforms\windows\sfml template\debug\imgui_widgets.obj
c:\users\thund\documents\github\project-xyz\code\project xyz\platforms\windows\sfml template\debug\imgui_draw.obj
c:\users\thund\documents\github\project-xyz\code\project xyz\platforms\windows\sfml template\debug\imgui_demo.obj
c:\users\thund\documents\github\project-xyz\code\project xyz\platforms\windows\sfml template\debug\imgui.obj
c:\users\thund\documents\github\project-xyz\code\project xyz\platforms\windows\sfml template\debug\imgui-sfml.obj
c:\users\thund\documents\github\project-xyz\code\project xyz\platforms\windows\sfml template\debug\splashstate.obj
c:\users\thund\documents\github\project-xyz\code\project xyz\platforms\windows\sfml template\debug\player.obj
c:\users\thund\documents\github\project-xyz\code\project xyz\platforms\windows\sfml template\debug\physicsworld.obj
c:\users\thund\documents\github\project-xyz\code\project xyz\platforms\windows\sfml template\debug\mapmanager.obj
c:\users\thund\documents\github\project-xyz\code\project xyz\platforms\windows\sfml template\debug\highscoremanager.obj
c:\users\thund\documents\github\project-xyz\code\project xyz\platforms\windows\sfml template\debug\filemanager.obj
c:\users\thund\documents\github\project-xyz\code\project xyz\platforms\windows\sfml template\debug\assetmanager.obj
c:\users\thund\documents\github\project-xyz\code\project xyz\platforms\windows\sfml template\debug\main.obj
c:\users\thund\documents\github\project-xyz\code\project xyz\platforms\windows\sfml template\debug\sequence.obj
c:\users\thund\documents\github\project-xyz\code\project xyz\platforms\windows\sfml template\debug\sensor.obj
c:\users\thund\documents\github\project-xyz\code\project xyz\platforms\windows\sfml template\debug\window.obj
e:\project-xyz\code\project xyz\platforms\windows\sfml template\debug\vc142.pdb
e:\project-xyz\code\project xyz\platforms\windows\sfml template\debug\vc142.idb
e:\project-xyz\code\project xyz\platforms\windows\sfml template\debug\minimap.obj
e:\project-xyz\code\project xyz\platforms\windows\sfml template\debug\menucomponent.obj
e:\project-xyz\code\project xyz\platforms\windows\sfml template\debug\menu.obj
e:\project-xyz\code\project xyz\platforms\windows\sfml template\debug\label.obj
e:\project-xyz\code\project xyz\platforms\windows\sfml template\debug\font.obj
e:\project-xyz\code\project xyz\platforms\windows\sfml template\debug\drawable.obj
e:\project-xyz\code\project xyz\platforms\windows\sfml template\debug\color.obj
e:\project-xyz\code\project xyz\platforms\windows\sfml template\debug\checkbox.obj
e:\project-xyz\code\project xyz\platforms\windows\sfml template\debug\buttongroup.obj
e:\project-xyz\code\project xyz\platforms\windows\sfml template\debug\button.obj
e:\project-xyz\code\project xyz\platforms\windows\sfml template\debug\pugixml.obj
e:\project-xyz\code\project xyz\platforms\windows\sfml template\debug\gamepad.obj
e:\project-xyz\code\project xyz\platforms\windows\sfml template\debug\collision.obj
e:\project-xyz\code\project xyz\platforms\windows\sfml template\debug\b2gldraw.obj
e:\project-xyz\code\project xyz\platforms\windows\sfml template\debug\window.obj
e:\project-xyz\code\project xyz\platforms\windows\sfml template\debug\time.obj
e:\project-xyz\code\project xyz\platforms\windows\sfml template\debug\statemachine.obj
e:\project-xyz\code\project xyz\platforms\windows\sfml template\debug\debug.obj
e:\project-xyz\code\project xyz\platforms\windows\sfml template\debug\clock.obj
e:\project-xyz\code\project xyz\platforms\windows\sfml template\debug\qte.obj
e:\project-xyz\code\project xyz\platforms\windows\sfml template\debug\keyboard.obj
e:\project-xyz\code\project xyz\platforms\windows\sfml template\debug\joystick.obj
e:\project-xyz\code\project xyz\platforms\windows\sfml template\debug\input.obj
e:\project-xyz\code\project xyz\platforms\windows\sfml template\debug\gesture.obj
e:\project-xyz\code\project xyz\platforms\windows\sfml template\debug\events.obj
e:\project-xyz\code\project xyz\platforms\windows\sfml template\debug\texture.obj
e:\project-xyz\code\project xyz\platforms\windows\sfml template\debug\textbox.obj
e:\project-xyz\code\project xyz\platforms\windows\sfml template\debug\sprite.obj
e:\project-xyz\code\project xyz\platforms\windows\sfml template\debug\slider.obj
e:\project-xyz\code\project xyz\platforms\windows\sfml template\debug\triangle.obj
e:\project-xyz\code\project xyz\platforms\windows\sfml template\debug\rectangle.obj
e:\project-xyz\code\project xyz\platforms\windows\sfml template\debug\circle.obj
e:\project-xyz\code\project xyz\platforms\windows\sfml template\debug\radiobuttongroup.obj
e:\project-xyz\code\project xyz\platforms\windows\sfml template\debug\radiobutton.obj
e:\project-xyz\code\project xyz\platforms\windows\sfml template\debug\progressbar.obj
e:\project-xyz\code\project xyz\platforms\windows\sfml template\debug\parallax.obj
e:\project-xyz\code\project xyz\platforms\windows\sfml template\debug\imgui_tables.obj
e:\project-xyz\code\project xyz\platforms\windows\sfml template\debug\imgui_widgets.obj
e:\project-xyz\code\project xyz\platforms\windows\sfml template\debug\imgui_draw.obj
e:\project-xyz\code\project xyz\platforms\windows\sfml template\debug\imgui_demo.obj
e:\project-xyz\code\project xyz\platforms\windows\sfml template\debug\imgui.obj
e:\project-xyz\code\project xyz\platforms\windows\sfml template\debug\imgui-sfml.obj
e:\project-xyz\code\project xyz\platforms\windows\sfml template\debug\physicsworld.obj
e:\project-xyz\code\project xyz\platforms\windows\sfml template\debug\mapmanager.obj
e:\project-xyz\code\project xyz\platforms\windows\sfml template\debug\highscoremanager.obj
e:\project-xyz\code\project xyz\platforms\windows\sfml template\debug\filemanager.obj
e:\project-xyz\code\project xyz\platforms\windows\sfml template\debug\assetmanager.obj
e:\project-xyz\code\project xyz\platforms\windows\sfml template\debug\main.obj
e:\project-xyz\code\project xyz\platforms\windows\sfml template\debug\sequence.obj
e:\project-xyz\code\project xyz\platforms\windows\sfml template\debug\sensor.obj
e:\project-xyz\code\project xyz\platforms\windows\sfml template\debug\rbm.obj
e:\project-xyz\code\project xyz\platforms\windows\sfml template\debug\splashstate.obj
e:\project-xyz\code\project xyz\platforms\windows\sfml template\debug\player.obj
e:\project-xyz\code\project xyz\platforms\windows\sfml template\debug\mouse.obj
e:\project-xyz\code\project xyz\platforms\windows\sfml template\debug\scrollingbackground.obj
e:\project-xyz\code\project xyz\platforms\windows\sfml template\debug\game.obj
e:\project-xyz\code\project xyz\platforms\windows\sfml template\debug\view.obj
c:\users\thund\documents\github\project-xyz\code\project xyz\platforms\windows\debug\sfml template.exe
c:\users\thund\documents\github\project-xyz\code\project xyz\platforms\windows\debug\sfml template.ilk
c:\users\thund\documents\github\project-xyz\code\project xyz\platforms\windows\debug\sfml template.pdb
e:\project-xyz\code\project xyz\platforms\windows\debug\sfml template.exe
e:\project-xyz\code\project xyz\platforms\windows\sfml template\debug\sfml template.ilk
e:\project-xyz\code\project xyz\platforms\windows\debug\sfml template.pdb
e:\project-xyz\code\project xyz\platforms\windows\debug\sfml template.ilk
e:\project-xyz\code\project xyz\platforms\windows\sfml template\debug\sfml template.tlog\cl.command.1.tlog
e:\project-xyz\code\project xyz\platforms\windows\sfml template\debug\sfml template.tlog\cl.read.1.tlog
e:\project-xyz\code\project xyz\platforms\windows\sfml template\debug\sfml template.tlog\cl.write.1.tlog
e:\project-xyz\code\project xyz\platforms\windows\sfml template\debug\sfml template.tlog\link.command.1.tlog
e:\project-xyz\code\project xyz\platforms\windows\sfml template\debug\sfml template.tlog\link.read.1.tlog
e:\project-xyz\code\project xyz\platforms\windows\sfml template\debug\sfml template.tlog\link.write.1.tlog
