  Clock.cpp
  Debug.cpp
C:\Users\thund\Documents\GitHub\Project-XYZ\Code\PROJECT XYZ\Code\src\Engine\Core\Debug.cpp(97,22): warning C4018: '<': signed/unsigned mismatch
C:\Users\thund\Documents\GitHub\Project-XYZ\Code\PROJECT XYZ\Code\src\Engine\Core\Debug.cpp(106,22): warning C4018: '<': signed/unsigned mismatch
C:\Users\thund\Documents\GitHub\Project-XYZ\Code\PROJECT XYZ\Code\src\Engine\Core\Debug.cpp(115,22): warning C4018: '<': signed/unsigned mismatch
  Game.cpp
  StateMachine.cpp
C:\Users\thund\Documents\GitHub\Project-XYZ\Code\PROJECT XYZ\Code\src\Engine\Core\StateMachine.cpp(21,19): warning C4101: 'event': unreferenced local variable
  Time.cpp
C:\Users\thund\Documents\GitHub\Project-XYZ\Code\PROJECT XYZ\Code\src\Engine\Core\Time.cpp(39,19): warning C4244: 'return': conversion from 'float' to '__int64', possible loss of data
C:\Users\thund\Documents\GitHub\Project-XYZ\Code\PROJECT XYZ\Code\src\Engine\Core\Time.cpp(45,24): warning C4244: 'return': conversion from 'float' to '__int64', possible loss of data
  b2GLDraw.cpp
C:\Users\thund\Documents\GitHub\Project-XYZ\Code\PROJECT XYZ\Code\src\Engine\External\b2GLDraw.cpp(38,60): warning C4244: 'argument': conversion from 'double' to 'float32', possible loss of data
C:\Users\thund\Documents\GitHub\Project-XYZ\Code\PROJECT XYZ\Code\src\Engine\External\b2GLDraw.cpp(38,48): warning C4244: 'argument': conversion from 'double' to 'float32', possible loss of data
C:\Users\thund\Documents\GitHub\Project-XYZ\Code\PROJECT XYZ\Code\src\Engine\External\b2GLDraw.cpp(36,13): warning C4101: 'glVertices': unreferenced local variable
C:\Users\thund\Documents\GitHub\Project-XYZ\Code\PROJECT XYZ\Code\src\Engine\External\b2GLDraw.cpp(55,60): warning C4244: 'argument': conversion from 'double' to 'float32', possible loss of data
C:\Users\thund\Documents\GitHub\Project-XYZ\Code\PROJECT XYZ\Code\src\Engine\External\b2GLDraw.cpp(55,48): warning C4244: 'argument': conversion from 'double' to 'float32', possible loss of data
C:\Users\thund\Documents\GitHub\Project-XYZ\Code\PROJECT XYZ\Code\src\Engine\External\b2GLDraw.cpp(53,13): warning C4101: 'glVertices': unreferenced local variable
  Collision.cpp
C:\Users\thund\Documents\GitHub\Project-XYZ\Code\PROJECT XYZ\Code\src\Engine\External\Collision.cpp(70,24): warning C4244: 'initializing': conversion from 'T' to 'int', possible loss of data
          with
          [
              T=float
          ]
C:\Users\thund\Documents\GitHub\Project-XYZ\Code\PROJECT XYZ\Code\src\Engine\External\Collision.cpp(71,28): warning C4244: 'initializing': conversion from 'T' to 'int', possible loss of data
          with
          [
              T=float
          ]
C:\Users\thund\Documents\GitHub\Project-XYZ\Code\PROJECT XYZ\Code\src\Engine\External\Collision.cpp(73,88): warning C4244: 'argument': conversion from 'int' to 'float', possible loss of data
C:\Users\thund\Documents\GitHub\Project-XYZ\Code\PROJECT XYZ\Code\src\Engine\External\Collision.cpp(73,85): warning C4244: 'argument': conversion from 'int' to 'float', possible loss of data
C:\Users\thund\Documents\GitHub\Project-XYZ\Code\PROJECT XYZ\Code\src\Engine\External\Collision.cpp(74,88): warning C4244: 'argument': conversion from 'int' to 'float', possible loss of data
C:\Users\thund\Documents\GitHub\Project-XYZ\Code\PROJECT XYZ\Code\src\Engine\External\Collision.cpp(74,85): warning C4244: 'argument': conversion from 'int' to 'float', possible loss of data
C:\Users\thund\Documents\GitHub\Project-XYZ\Code\PROJECT XYZ\Code\src\Engine\External\Collision.cpp(136,51): warning C4244: 'argument': conversion from 'T' to 'float', possible loss of data
          with
          [
              T=int
          ]
C:\Users\thund\Documents\GitHub\Project-XYZ\Code\PROJECT XYZ\Code\src\Engine\External\Collision.cpp(137,64): warning C4244: 'argument': conversion from 'T' to 'float', possible loss of data
          with
          [
              T=int
          ]
C:\Users\thund\Documents\GitHub\Project-XYZ\Code\PROJECT XYZ\Code\src\Engine\External\Collision.cpp(137,51): warning C4244: 'argument': conversion from 'T' to 'float', possible loss of data
          with
          [
              T=int
          ]
C:\Users\thund\Documents\GitHub\Project-XYZ\Code\PROJECT XYZ\Code\src\Engine\External\Collision.cpp(138,56): warning C4244: 'argument': conversion from 'T' to 'float', possible loss of data
          with
          [
              T=int
          ]
  Gamepad.cpp
  pugixml.cpp
  Color.cpp
  Drawable.cpp
C:\Users\thund\Documents\GitHub\Project-XYZ\Code\PROJECT XYZ\Code\src\Engine\Graphics\Drawable.cpp(266,81): warning C4244: 'argument': conversion from 'const T' to 'T', possible loss of data
          with
          [
              T=float
          ]
          and
          [
              T=int
          ]
C:\Users\thund\Documents\GitHub\Project-XYZ\Code\PROJECT XYZ\Code\src\Engine\Graphics\Drawable.cpp(266,72): warning C4244: 'argument': conversion from 'const T' to 'T', possible loss of data
          with
          [
              T=float
          ]
          and
          [
              T=int
          ]
C:\Users\thund\Documents\GitHub\Project-XYZ\Code\PROJECT XYZ\Code\src\Engine\Graphics\Drawable.cpp(266,63): warning C4244: 'argument': conversion from 'const T' to 'T', possible loss of data
          with
          [
              T=float
          ]
          and
          [
              T=int
          ]
C:\Users\thund\Documents\GitHub\Project-XYZ\Code\PROJECT XYZ\Code\src\Engine\Graphics\Drawable.cpp(266,50): warning C4244: 'argument': conversion from 'const T' to 'T', possible loss of data
          with
          [
              T=float
          ]
          and
          [
              T=int
          ]
  Parallax.cpp
C:\Users\thund\Documents\GitHub\Project-XYZ\Code\PROJECT XYZ\Code\src\Engine\Graphics\Parallax.cpp(12,22): warning C4018: '<': signed/unsigned mismatch
C:\Users\thund\Documents\GitHub\Project-XYZ\Code\PROJECT XYZ\Code\src\Engine\Graphics\Parallax.cpp(21,22): warning C4018: '<': signed/unsigned mismatch
  ScrollingBackground.cpp
C:\Users\thund\Documents\GitHub\Project-XYZ\Code\PROJECT XYZ\Code\src\Engine\Graphics\ScrollingBackground.cpp(36,22): warning C4018: '<': signed/unsigned mismatch
C:\Users\thund\Documents\GitHub\Project-XYZ\Code\PROJECT XYZ\Code\src\Engine\Graphics\ScrollingBackground.cpp(203,23): warning C4018: '<': signed/unsigned mismatch
C:\Users\thund\Documents\GitHub\Project-XYZ\Code\PROJECT XYZ\Code\src\Engine\Graphics\ScrollingBackground.cpp(235,23): warning C4018: '<': signed/unsigned mismatch
  Circle.cpp
  Rectangle.cpp
  Triangle.cpp
  Sprite.cpp
  Texture.cpp
  Events.cpp
  Gesture.cpp
C:\Users\thund\Documents\GitHub\Project-XYZ\Code\PROJECT XYZ\Code\src\Engine\Input\Gesture.cpp(34,22): warning C4018: '<': signed/unsigned mismatch
C:\Users\thund\Documents\GitHub\Project-XYZ\Code\PROJECT XYZ\Code\src\Engine\Input\Gesture.cpp(109,24): warning C4018: '>=': signed/unsigned mismatch
C:\Users\thund\Documents\GitHub\Project-XYZ\Code\PROJECT XYZ\Code\src\Engine\Input\Gesture.cpp(252,6): warning C4305: 'initializing': truncation from 'double' to 'float'
C:\Users\thund\Documents\GitHub\Project-XYZ\Code\PROJECT XYZ\Code\src\Engine\Input\Gesture.cpp(261,6): warning C4305: 'initializing': truncation from 'double' to 'float'
C:\Users\thund\Documents\GitHub\Project-XYZ\Code\PROJECT XYZ\Code\src\Engine\Input\Gesture.cpp(270,6): warning C4305: 'initializing': truncation from 'double' to 'float'
C:\Users\thund\Documents\GitHub\Project-XYZ\Code\PROJECT XYZ\Code\src\Engine\Input\Gesture.cpp(279,6): warning C4305: 'initializing': truncation from 'double' to 'float'
C:\Users\thund\Documents\GitHub\Project-XYZ\Code\PROJECT XYZ\Code\src\Engine\Input\Gesture.cpp(292,6): warning C4305: 'initializing': truncation from 'double' to 'float'
C:\Users\thund\Documents\GitHub\Project-XYZ\Code\PROJECT XYZ\Code\src\Engine\Input\Gesture.cpp(301,6): warning C4305: 'initializing': truncation from 'double' to 'float'
C:\Users\thund\Documents\GitHub\Project-XYZ\Code\PROJECT XYZ\Code\src\Engine\Input\Gesture.cpp(310,6): warning C4305: 'initializing': truncation from 'double' to 'float'
C:\Users\thund\Documents\GitHub\Project-XYZ\Code\PROJECT XYZ\Code\src\Engine\Input\Gesture.cpp(319,6): warning C4305: 'initializing': truncation from 'double' to 'float'
C:\Users\thund\Documents\GitHub\Project-XYZ\Code\PROJECT XYZ\Code\src\Engine\Input\Gesture.cpp(332,6): warning C4305: 'initializing': truncation from 'double' to 'float'
C:\Users\thund\Documents\GitHub\Project-XYZ\Code\PROJECT XYZ\Code\src\Engine\Input\Gesture.cpp(341,6): warning C4305: 'initializing': truncation from 'double' to 'float'
C:\Users\thund\Documents\GitHub\Project-XYZ\Code\PROJECT XYZ\Code\src\Engine\Input\Gesture.cpp(350,6): warning C4305: 'initializing': truncation from 'double' to 'float'
C:\Users\thund\Documents\GitHub\Project-XYZ\Code\PROJECT XYZ\Code\src\Engine\Input\Gesture.cpp(359,6): warning C4305: 'initializing': truncation from 'double' to 'float'
C:\Users\thund\Documents\GitHub\Project-XYZ\Code\PROJECT XYZ\Code\src\Engine\Input\Gesture.cpp(372,6): warning C4305: 'initializing': truncation from 'double' to 'float'
C:\Users\thund\Documents\GitHub\Project-XYZ\Code\PROJECT XYZ\Code\src\Engine\Input\Gesture.cpp(381,6): warning C4305: 'initializing': truncation from 'double' to 'float'
C:\Users\thund\Documents\GitHub\Project-XYZ\Code\PROJECT XYZ\Code\src\Engine\Input\Gesture.cpp(390,6): warning C4305: 'initializing': truncation from 'double' to 'float'
C:\Users\thund\Documents\GitHub\Project-XYZ\Code\PROJECT XYZ\Code\src\Engine\Input\Gesture.cpp(399,6): warning C4305: 'initializing': truncation from 'double' to 'float'
C:\Users\thund\Documents\GitHub\Project-XYZ\Code\PROJECT XYZ\Code\src\Engine\Input\Gesture.cpp(412,6): warning C4305: 'initializing': truncation from 'double' to 'float'
C:\Users\thund\Documents\GitHub\Project-XYZ\Code\PROJECT XYZ\Code\src\Engine\Input\Gesture.cpp(421,6): warning C4305: 'initializing': truncation from 'double' to 'float'
C:\Users\thund\Documents\GitHub\Project-XYZ\Code\PROJECT XYZ\Code\src\Engine\Input\Gesture.cpp(430,6): warning C4305: 'initializing': truncation from 'double' to 'float'
C:\Users\thund\Documents\GitHub\Project-XYZ\Code\PROJECT XYZ\Code\src\Engine\Input\Gesture.cpp(439,6): warning C4305: 'initializing': truncation from 'double' to 'float'
C:\Users\thund\Documents\GitHub\Project-XYZ\Code\PROJECT XYZ\Code\src\Engine\Input\Gesture.cpp(452,6): warning C4305: 'initializing': truncation from 'double' to 'float'
C:\Users\thund\Documents\GitHub\Project-XYZ\Code\PROJECT XYZ\Code\src\Engine\Input\Gesture.cpp(461,6): warning C4305: 'initializing': truncation from 'double' to 'float'
C:\Users\thund\Documents\GitHub\Project-XYZ\Code\PROJECT XYZ\Code\src\Engine\Input\Gesture.cpp(470,6): warning C4305: 'initializing': truncation from 'double' to 'float'
C:\Users\thund\Documents\GitHub\Project-XYZ\Code\PROJECT XYZ\Code\src\Engine\Input\Gesture.cpp(479,6): warning C4305: 'initializing': truncation from 'double' to 'float'
C:\Users\thund\Documents\GitHub\Project-XYZ\Code\PROJECT XYZ\Code\src\Engine\Input\Gesture.cpp(492,6): warning C4305: 'initializing': truncation from 'double' to 'float'
C:\Users\thund\Documents\GitHub\Project-XYZ\Code\PROJECT XYZ\Code\src\Engine\Input\Gesture.cpp(501,6): warning C4305: 'initializing': truncation from 'double' to 'float'
C:\Users\thund\Documents\GitHub\Project-XYZ\Code\PROJECT XYZ\Code\src\Engine\Input\Gesture.cpp(510,6): warning C4305: 'initializing': truncation from 'double' to 'float'
C:\Users\thund\Documents\GitHub\Project-XYZ\Code\PROJECT XYZ\Code\src\Engine\Input\Gesture.cpp(519,6): warning C4305: 'initializing': truncation from 'double' to 'float'
C:\Users\thund\Documents\GitHub\Project-XYZ\Code\PROJECT XYZ\Code\src\Engine\Input\Gesture.cpp(532,6): warning C4305: 'initializing': truncation from 'double' to 'float'
C:\Users\thund\Documents\GitHub\Project-XYZ\Code\PROJECT XYZ\Code\src\Engine\Input\Gesture.cpp(541,6): warning C4305: 'initializing': truncation from 'double' to 'float'
C:\Users\thund\Documents\GitHub\Project-XYZ\Code\PROJECT XYZ\Code\src\Engine\Input\Gesture.cpp(550,6): warning C4305: 'initializing': truncation from 'double' to 'float'
C:\Users\thund\Documents\GitHub\Project-XYZ\Code\PROJECT XYZ\Code\src\Engine\Input\Gesture.cpp(559,6): warning C4305: 'initializing': truncation from 'double' to 'float'
D:\Software\Microsoft Visual Studio\2019\Community\VC\Tools\MSVC\14.25.28610\include\utility(151,16): warning C4244: 'initializing': conversion from '_Ty' to '_Ty1', possible loss of data
          with
          [
              _Ty=double
          ]
          and
          [
              _Ty1=float
          ]
C:\Users\thund\Documents\GitHub\Project-XYZ\Code\PROJECT XYZ\Code\include\engine\Input\Joystick.hpp(211): message : see reference to function template instantiation 'std::pair<float,float>::pair<double,double,0>(_Other1 &&,_Other2 &&) noexcept' being compiled
          with
          [
              _Other1=double,
              _Other2=double
          ]
C:\Users\thund\Documents\GitHub\Project-XYZ\Code\PROJECT XYZ\Code\src\Engine\Input\Gesture.cpp(131): message : see reference to function template instantiation 'std::pair<float,float>::pair<double,double,0>(_Other1 &&,_Other2 &&) noexcept' being compiled
          with
          [
              _Other1=double,
              _Other2=double
          ]
D:\Software\Microsoft Visual Studio\2019\Community\VC\Tools\MSVC\14.25.28610\include\utility(151,1): warning C4244: 'initializing': conversion from '_Ty' to '_Ty2', possible loss of data
          with
          [
              _Ty=double
          ]
          and
          [
              _Ty2=float
          ]
D:\Software\Microsoft Visual Studio\2019\Community\VC\Tools\MSVC\14.25.28610\include\utility(151,16): warning C4244: 'initializing': conversion from '_Ty' to '_Ty1', possible loss of data
          with
          [
              _Ty=int
          ]
          and
          [
              _Ty1=float
          ]
C:\Users\thund\Documents\GitHub\Project-XYZ\Code\PROJECT XYZ\Code\src\Engine\Input\Gesture.cpp(252): message : see reference to function template instantiation 'std::pair<float,float>::pair<int,int,0>(_Other1 &&,_Other2 &&) noexcept' being compiled
          with
          [
              _Other1=int,
              _Other2=int
          ]
C:\Users\thund\Documents\GitHub\Project-XYZ\Code\PROJECT XYZ\Code\src\Engine\Input\Gesture.cpp(245): message : see reference to function template instantiation 'std::pair<float,float>::pair<int,int,0>(_Other1 &&,_Other2 &&) noexcept' being compiled
          with
          [
              _Other1=int,
              _Other2=int
          ]
D:\Software\Microsoft Visual Studio\2019\Community\VC\Tools\MSVC\14.25.28610\include\utility(151,1): warning C4244: 'initializing': conversion from '_Ty' to '_Ty2', possible loss of data
          with
          [
              _Ty=int
          ]
          and
          [
              _Ty2=float
          ]
  Compiling...
  Input.cpp
  Joystick.cpp
C:\Users\thund\Documents\GitHub\Project-XYZ\Code\PROJECT XYZ\Code\src\Engine\Input\Joystick.cpp(34,23): warning C4244: 'argument': conversion from 'const float' to 'int', possible loss of data
C:\Users\thund\Documents\GitHub\Project-XYZ\Code\PROJECT XYZ\Code\src\Engine\Input\Joystick.cpp(38,17): warning C4244: '=': conversion from 'float' to 'int', possible loss of data
C:\Users\thund\Documents\GitHub\Project-XYZ\Code\PROJECT XYZ\Code\src\Engine\Input\Joystick.cpp(197,20): warning C4305: '=': truncation from 'double' to 'float'
  Keyboard.cpp
  Mouse.cpp
C:\Users\thund\Documents\GitHub\Project-XYZ\Code\PROJECT XYZ\Code\src\Engine\Input\Mouse.cpp(16,95): warning C4018: '>': signed/unsigned mismatch
C:\Users\thund\Documents\GitHub\Project-XYZ\Code\PROJECT XYZ\Code\src\Engine\Input\Mouse.cpp(16,197): warning C4018: '>': signed/unsigned mismatch
C:\Users\thund\Documents\GitHub\Project-XYZ\Code\PROJECT XYZ\Code\src\Engine\Input\Mouse.cpp(30,48): warning C4244: 'argument': conversion from 'const float' to 'T', possible loss of data
          with
          [
              T=int
          ]
C:\Users\thund\Documents\GitHub\Project-XYZ\Code\PROJECT XYZ\Code\src\Engine\Input\Mouse.cpp(30,45): warning C4244: 'argument': conversion from 'const float' to 'T', possible loss of data
          with
          [
              T=int
          ]
C:\Users\thund\Documents\GitHub\Project-XYZ\Code\PROJECT XYZ\Code\src\Engine\Input\Mouse.cpp(33,48): warning C4244: 'argument': conversion from 'const float' to 'T', possible loss of data
          with
          [
              T=int
          ]
C:\Users\thund\Documents\GitHub\Project-XYZ\Code\PROJECT XYZ\Code\src\Engine\Input\Mouse.cpp(33,45): warning C4244: 'argument': conversion from 'const float' to 'T', possible loss of data
          with
          [
              T=int
          ]
  QTE.cpp
C:\Users\thund\Documents\GitHub\Project-XYZ\Code\PROJECT XYZ\Code\src\Engine\Input\QTE.cpp(33,20): warning C4018: '<=': signed/unsigned mismatch
C:\Users\thund\Documents\GitHub\Project-XYZ\Code\PROJECT XYZ\Code\src\Engine\Input\QTE.cpp(44,23): warning C4018: '<': signed/unsigned mismatch
C:\Users\thund\Documents\GitHub\Project-XYZ\Code\PROJECT XYZ\Code\src\Engine\Input\QTE.cpp(57,23): warning C4018: '<': signed/unsigned mismatch
C:\Users\thund\Documents\GitHub\Project-XYZ\Code\PROJECT XYZ\Code\src\Engine\Input\QTE.cpp(70,23): warning C4018: '<': signed/unsigned mismatch
C:\Users\thund\Documents\GitHub\Project-XYZ\Code\PROJECT XYZ\Code\src\Engine\Input\QTE.cpp(96,23): warning C4018: '<': signed/unsigned mismatch
  RBM.cpp
  Sensor.cpp
  Sequence.cpp
  main.cpp
  AssetManager.cpp
  FileManager.cpp
  HighScoreManager.cpp
C:\Users\thund\Documents\GitHub\Project-XYZ\Code\PROJECT XYZ\Code\src\Engine\Managers\HighScoreManager.cpp(76,22): warning C4018: '<': signed/unsigned mismatch
C:\Users\thund\Documents\GitHub\Project-XYZ\Code\PROJECT XYZ\Code\src\Engine\Managers\HighScoreManager.cpp(117,29): warning C4018: '<': signed/unsigned mismatch
  PhysicsWorld.cpp
  Player.cpp
  SplashState.cpp
  Generating code
  Previous IPDB not found, fall back to full compilation.
  All 4688 functions were compiled because no usable IPDB/IOBJ from previous compilation was found.
  Finished generating code
  SFML Template.vcxproj -> C:\Users\thund\Documents\GitHub\Project-XYZ\Code\PROJECT XYZ\Platforms\Windows\Release\SFML Template.exe
